<?xml version="1.0" encoding="UTF-8"?>
<!-- Generated by org.testng.reporters.JUnitReportReporter -->
<testsuite hostname="TeknotraitPC" name="com.dashline.wda.category.AddCategoryTest" tests="1" failures="0" timestamp="19 Jul 2017 05:21:01 GMT" time="34.337" errors="0">
  <testcase name="addCategoryTest" time="34.337" classname="com.dashline.wda.category.AddCategoryTest"/>
</testsuite> <!-- com.dashline.wda.category.AddCategoryTest -->
